2024-09-26 16:12:29,672 - INFO - Data Extraction started...... 
2024-09-26 16:12:31,127 - INFO - Data Extraction completed successfully...... 
2024-09-26 16:13:30,858 - INFO - Data Transfromation started...... 
2024-09-26 16:13:31,208 - INFO - Data Transfromation completed successfully...... 
2024-09-26 16:13:40,450 - INFO - Data Loading started...... 
2024-09-26 16:13:40,457 - INFO - Executing load_inventory_levels_by_store query.
2024-09-26 16:13:40,460 - INFO - Data loaded into inventory_levels_by_store.
2024-09-26 16:13:40,461 - INFO - Executing load_inventory_levels_by_store query.
2024-09-26 16:13:40,465 - INFO - Data loaded into inventory_levels_by_store.
2024-09-26 16:13:40,466 - INFO - Executing load_inventory_levels_by_store query.
2024-09-26 16:13:40,469 - INFO - Data loaded into inventory_levels_by_store.
2024-09-26 16:13:40,469 - INFO - Executing load_inventory_levels_by_store query.
2024-09-26 16:13:40,471 - INFO - Data loaded into inventory_levels_by_store.
2024-09-26 16:13:40,472 - INFO - Data Loading completed successfully...... 
2024-09-26 16:15:36,150 - INFO - Data Extraction completed successfully...... 
2024-09-26 16:15:36,492 - INFO - Executing load_inventory_levels_by_store query.
2024-09-26 16:15:36,572 - INFO - Data loaded into inventory_levels_by_store.
2024-09-26 16:15:36,572 - INFO - Executing load_inventory_levels_by_store query.
2024-09-26 16:15:36,576 - INFO - Data loaded into inventory_levels_by_store.
2024-09-26 16:15:36,576 - INFO - Executing load_inventory_levels_by_store query.
2024-09-26 16:15:36,581 - INFO - Data loaded into inventory_levels_by_store.
2024-09-26 16:15:36,581 - INFO - Executing load_inventory_levels_by_store query.
2024-09-26 16:15:36,585 - INFO - Data loaded into inventory_levels_by_store.
